A07Dogglers/app/build/intermediates/manifest_merge_blame_file/debug/manifest-merger-blame-debug-report.txt
1<?xml version="1.0" encoding="utf-8"?>
2<!--
3  ~ Copyright (C) 2021 The Android Open Source Project.
4  ~
5  ~ Licensed under the Apache License, Version 2.0 (the "License");
6  ~ you may not use this file except in compliance with the License.
7  ~ You may obtain a copy of the License at
8  ~
9  ~     http://www.apache.org/licenses/LICENSE-2.0
10  ~
11  ~ Unless required by applicable law or agreed to in writing, software
12  ~ distributed under the License is distributed on an "AS IS" BASIS,
13  ~ WITHOUT WARRANTIES OR CONDITIONS OF ANY KIND, either express or implied.
14  ~ See the License for the specific language governing permissions and
15  ~ limitations under the License.
16-->
17<manifest xmlns:android="http://schemas.android.com/apk/res/android"
18    package="com.example.dogglers"
19    android:versionCode="1"
20    android:versionName="1.0" >
21
22    <uses-sdk
23        android:minSdkVersion="21"
23-->src\main\AndroidManifest.xml
24        android:targetSdkVersion="30" />
24-->src\main\AndroidManifest.xml
25
26    <uses-permission android:name="android.permission.REORDER_TASKS" />
26-->[androidx.fragment:fragment-testing:1.3.3] AndroidManifest.xml:25:5-72
26-->[androidx.fragment:fragment-testing:1.3.3] AndroidManifest.xml:25:22-69
27
28    <application
28-->src\main\AndroidManifest.xml:19:5-49:19
29        android:allowBackup="true"
29-->src\main\AndroidManifest.xml:20:9-35
30        android:appComponentFactory="androidx.core.app.CoreComponentFactory"
30-->[androidx.core:core:1.3.2] AndroidManifest.xml:24:18-86
31        android:debuggable="true"
32        android:icon="@mipmap/ic_launcher"
32-->src\main\AndroidManifest.xml:21:9-43
33        android:label="@string/app_name"
33-->src\main\AndroidManifest.xml:22:9-41
34        android:roundIcon="@mipmap/ic_launcher_round"
34-->src\main\AndroidManifest.xml:23:9-54
35        android:supportsRtl="true"
35-->src\main\AndroidManifest.xml:24:9-35
36        android:testOnly="true"
37        android:theme="@style/Theme.Dogglers" >
37-->src\main\AndroidManifest.xml:25:9-46
38        <activity android:name="com.example.dogglers.VerticalListActivity" >
38-->src\main\AndroidManifest.xml:26:9-30:20
38-->src\main\AndroidManifest.xml:26:19-55
39            <meta-data
39-->src\main\AndroidManifest.xml:27:13-29:49
40                android:name="android.support.PARENT_ACTIVITY"
40-->src\main\AndroidManifest.xml:28:17-63
41                android:value=".MainActivity" />
41-->src\main\AndroidManifest.xml:29:17-46
42        </activity>
43        <activity android:name="com.example.dogglers.HorizontalListActivity" >
43-->src\main\AndroidManifest.xml:31:9-35:20
43-->src\main\AndroidManifest.xml:31:19-57
44            <meta-data
44-->src\main\AndroidManifest.xml:27:13-29:49
45                android:name="android.support.PARENT_ACTIVITY"
45-->src\main\AndroidManifest.xml:28:17-63
46                android:value=".MainActivity" />
46-->src\main\AndroidManifest.xml:29:17-46
47        </activity>
48        <activity android:name="com.example.dogglers.GridListActivity" >
48-->src\main\AndroidManifest.xml:36:9-40:20
48-->src\main\AndroidManifest.xml:36:19-51
49            <meta-data
49-->src\main\AndroidManifest.xml:27:13-29:49
50                android:name="android.support.PARENT_ACTIVITY"
50-->src\main\AndroidManifest.xml:28:17-63
51                android:value=".MainActivity" />
51-->src\main\AndroidManifest.xml:29:17-46
52        </activity>
53        <activity
53-->src\main\AndroidManifest.xml:41:9-48:20
54            android:name="com.example.dogglers.MainActivity"
54-->src\main\AndroidManifest.xml:41:19-47
55            android:exported="true" >
55-->src\main\AndroidManifest.xml:42:13-36
56            <intent-filter>
56-->src\main\AndroidManifest.xml:43:13-47:29
57                <action android:name="android.intent.action.MAIN" />
57-->src\main\AndroidManifest.xml:44:17-69
57-->src\main\AndroidManifest.xml:44:25-66
58
59                <category android:name="android.intent.category.LAUNCHER" />
59-->src\main\AndroidManifest.xml:46:17-77
59-->src\main\AndroidManifest.xml:46:27-74
60            </intent-filter>
61        </activity>
62        <activity
62-->[androidx.fragment:fragment-testing:1.3.3] AndroidManifest.xml:28:9-37:20
63            android:name="androidx.fragment.app.testing.FragmentScenario$EmptyFragmentActivity"
63-->[androidx.fragment:fragment-testing:1.3.3] AndroidManifest.xml:29:13-96
64            android:exported="true"
64-->[androidx.fragment:fragment-testing:1.3.3] AndroidManifest.xml:30:13-36
65            android:multiprocess="true"
65-->[androidx.fragment:fragment-testing:1.3.3] AndroidManifest.xml:31:13-40
66            android:taskAffinity=""
66-->[androidx.fragment:fragment-testing:1.3.3] AndroidManifest.xml:32:13-36
67            android:theme="@style/FragmentScenarioEmptyFragmentActivityTheme" >
67-->[androidx.fragment:fragment-testing:1.3.3] AndroidManifest.xml:33:13-78
68            <intent-filter>
68-->[androidx.fragment:fragment-testing:1.3.3] AndroidManifest.xml:34:13-36:29
69                <action android:name="android.intent.action.MAIN" />
69-->src\main\AndroidManifest.xml:44:17-69
69-->src\main\AndroidManifest.xml:44:25-66
70            </intent-filter>
71        </activity>
72        <activity
72-->[androidx.test:core:1.3.0] AndroidManifest.xml:27:9-33:20
73            android:name="androidx.test.core.app.InstrumentationActivityInvoker$BootstrapActivity"
73-->[androidx.test:core:1.3.0] AndroidManifest.xml:28:13-99
74            android:theme="@android:style/Theme" >
74-->[androidx.test:core:1.3.0] AndroidManifest.xml:29:13-49
75            <intent-filter>
75-->[androidx.fragment:fragment-testing:1.3.3] AndroidManifest.xml:34:13-36:29
76                <action android:name="android.intent.action.MAIN" />
76-->src\main\AndroidManifest.xml:44:17-69
76-->src\main\AndroidManifest.xml:44:25-66
77            </intent-filter>
78        </activity>
79        <activity
79-->[androidx.test:core:1.3.0] AndroidManifest.xml:34:9-40:20
80            android:name="androidx.test.core.app.InstrumentationActivityInvoker$EmptyActivity"
80-->[androidx.test:core:1.3.0] AndroidManifest.xml:35:13-95
81            android:theme="@android:style/Theme" >
81-->[androidx.test:core:1.3.0] AndroidManifest.xml:36:13-49
82            <intent-filter>
82-->[androidx.fragment:fragment-testing:1.3.3] AndroidManifest.xml:34:13-36:29
83                <action android:name="android.intent.action.MAIN" />
83-->src\main\AndroidManifest.xml:44:17-69
83-->src\main\AndroidManifest.xml:44:25-66
84            </intent-filter>
85        </activity>
86        <activity
86-->[androidx.test:core:1.3.0] AndroidManifest.xml:41:9-47:20
87            android:name="androidx.test.core.app.InstrumentationActivityInvoker$EmptyFloatingActivity"
87-->[androidx.test:core:1.3.0] AndroidManifest.xml:42:13-103
88            android:theme="@android:style/Theme.Dialog" >
88-->[androidx.test:core:1.3.0] AndroidManifest.xml:43:13-56
89            <intent-filter>
89-->[androidx.fragment:fragment-testing:1.3.3] AndroidManifest.xml:34:13-36:29
90                <action android:name="android.intent.action.MAIN" />
90-->src\main\AndroidManifest.xml:44:17-69
90-->src\main\AndroidManifest.xml:44:25-66
91            </intent-filter>
92        </activity>
93    </application>
94
95</manifest>